<?xml version="1.0" encoding="UTF-8"?>
<!-- Generated by org.testng.reporters.JUnitReportReporter -->
<testsuite hostname="Savitri" failures="0" tests="1" name="TestClass.PurchageFlightTest" time="8.520" errors="0" timestamp="2024-04-18T16:33:29 IST" skipped="0">
  <testcase classname="TestClass.PurchageFlightTest" name="testPurchageFlight" time="8.520"/>
</testsuite> <!-- TestClass.PurchageFlightTest -->
