<?xml version="1.0" encoding="UTF-8"?>
<!-- Generated by org.testng.reporters.JUnitReportReporter -->
<testsuite hostname="Savitri" failures="0" tests="2" name="TestClass.PurchaseFlightTest" time="11.671" errors="0" timestamp="2024-04-18T16:39:58 IST" skipped="0">
  <testcase classname="TestClass.PurchaseFlightTest" name="testTotalCostFormat" time="4.989"/>
  <testcase classname="TestClass.PurchaseFlightTest" name="testPurchageFlight" time="6.682"/>
</testsuite> <!-- TestClass.PurchaseFlightTest -->
