<?xml version="1.0" encoding="UTF-8"?>
<!-- Generated by org.testng.reporters.JUnitReportReporter -->
<testsuite hostname="Savitri" failures="0" tests="1" name="TestClass.HomePageTest" time="3.521" errors="0" timestamp="2024-04-18T17:04:03 IST" skipped="0">
  <testcase classname="TestClass.HomePageTest" name="testHomePageTitle" time="3.521"/>
</testsuite> <!-- TestClass.HomePageTest -->
