<?xml version="1.0" encoding="UTF-8"?>
<!-- Generated by org.testng.reporters.JUnitReportReporter -->
<testsuite hostname="Savitri" failures="0" tests="1" name="TestClass.ReservationPageTest" time="4.683" errors="0" timestamp="2024-04-18T16:39:58 IST" skipped="0">
  <testcase classname="TestClass.ReservationPageTest" name="testFindLowestPriceFlight" time="4.683"/>
</testsuite> <!-- TestClass.ReservationPageTest -->
